<?xml version="1.0" encoding="UTF-8"?>
<testsuite xmlns:xsi="http://www.w3.org/2001/XMLSchema-instance" xsi:noNamespaceSchemaLocation="https://maven.apache.org/surefire/maven-surefire-plugin/xsd/surefire-test-report-3.0.xsd" version="3.0" name="org.junction.wolt.GreetingResourceTest" time="2.593" tests="1" errors="0" skipped="0" failures="0">
  <properties>
    <property name="java.specification.version" value="17"/>
    <property name="sun.jnu.encoding" value="UTF-8"/>
    <property name="test.url" value="http://localhost:8081"/>
    <property name="java.class.path" value="/Users/marcotulionascimento/IdeaProjects/crud/target/test-classes:/Users/marcotulionascimento/IdeaProjects/crud/target/classes:/Users/marcotulionascimento/.m2/repository/io/quarkus/quarkus-resteasy-reactive-jackson/2.13.3.Final/quarkus-resteasy-reactive-jackson-2.13.3.Final.jar:/Users/marcotulionascimento/.m2/repository/io/quarkus/quarkus-resteasy-reactive-jackson-common/2.13.3.Final/quarkus-resteasy-reactive-jackson-common-2.13.3.Final.jar:/Users/marcotulionascimento/.m2/repository/io/quarkus/quarkus-jackson/2.13.3.Final/quarkus-jackson-2.13.3.Final.jar:/Users/marcotulionascimento/.m2/repository/com/fasterxml/jackson/datatype/jackson-datatype-jsr310/2.13.4/jackson-datatype-jsr310-2.13.4.jar:/Users/marcotulionascimento/.m2/repository/com/fasterxml/jackson/datatype/jackson-datatype-jdk8/2.13.4/jackson-datatype-jdk8-2.13.4.jar:/Users/marcotulionascimento/.m2/repository/com/fasterxml/jackson/module/jackson-module-parameter-names/2.13.4/jackson-module-parameter-names-2.13.4.jar:/Users/marcotulionascimento/.m2/repository/io/quarkus/quarkus-rest-client-reactive-jackson/2.13.3.Final/quarkus-rest-client-reactive-jackson-2.13.3.Final.jar:/Users/marcotulionascimento/.m2/repository/io/quarkus/resteasy/reactive/resteasy-reactive-jackson/2.13.3.Final/resteasy-reactive-jackson-2.13.3.Final.jar:/Users/marcotulionascimento/.m2/repository/io/quarkus/resteasy/reactive/resteasy-reactive/2.13.3.Final/resteasy-reactive-2.13.3.Final.jar:/Users/marcotulionascimento/.m2/repository/com/fasterxml/jackson/core/jackson-databind/2.13.4.2/jackson-databind-2.13.4.2.jar:/Users/marcotulionascimento/.m2/repository/com/fasterxml/jackson/core/jackson-annotations/2.13.4/jackson-annotations-2.13.4.jar:/Users/marcotulionascimento/.m2/repository/com/fasterxml/jackson/core/jackson-core/2.13.4/jackson-core-2.13.4.jar:/Users/marcotulionascimento/.m2/repository/jakarta/annotation/jakarta.annotation-api/1.3.5/jakarta.annotation-api-1.3.5.jar:/Users/marcotulionascimento/.m2/repository/org/jboss/logging/commons-logging-jboss-logging/1.0.0.Final/commons-logging-jboss-logging-1.0.0.Final.jar:/Users/marcotulionascimento/.m2/repository/org/jboss/spec/javax/xml/bind/jboss-jaxb-api_2.3_spec/2.0.0.Final/jboss-jaxb-api_2.3_spec-2.0.0.Final.jar:/Users/marcotulionascimento/.m2/repository/org/jboss/logging/jboss-logging/3.5.0.Final/jboss-logging-3.5.0.Final.jar:/Users/marcotulionascimento/.m2/repository/io/quarkus/quarkus-rest-client-reactive/2.13.3.Final/quarkus-rest-client-reactive-2.13.3.Final.jar:/Users/marcotulionascimento/.m2/repository/io/quarkus/quarkus-jaxrs-client-reactive/2.13.3.Final/quarkus-jaxrs-client-reactive-2.13.3.Final.jar:/Users/marcotulionascimento/.m2/repository/io/quarkus/resteasy/reactive/resteasy-reactive-client/2.13.3.Final/resteasy-reactive-client-2.13.3.Final.jar:/Users/marcotulionascimento/.m2/repository/io/vertx/vertx-web-client/4.3.4/vertx-web-client-4.3.4.jar:/Users/marcotulionascimento/.m2/repository/io/quarkus/quarkus-smallrye-stork/2.13.3.Final/quarkus-smallrye-stork-2.13.3.Final.jar:/Users/marcotulionascimento/.m2/repository/io/quarkus/quarkus-rest-client-config/2.13.3.Final/quarkus-rest-client-config-2.13.3.Final.jar:/Users/marcotulionascimento/.m2/repository/io/smallrye/stork/stork-api/1.1.2/stork-api-1.1.2.jar:/Users/marcotulionascimento/.m2/repository/io/smallrye/stork/stork-core/1.1.2/stork-core-1.1.2.jar:/Users/marcotulionascimento/.m2/repository/org/eclipse/microprofile/rest/client/microprofile-rest-client-api/2.0/microprofile-rest-client-api-2.0.jar:/Users/marcotulionascimento/.m2/repository/io/quarkus/quarkus-arc/2.13.3.Final/quarkus-arc-2.13.3.Final.jar:/Users/marcotulionascimento/.m2/repository/io/quarkus/arc/arc/2.13.3.Final/arc-2.13.3.Final.jar:/Users/marcotulionascimento/.m2/repository/jakarta/enterprise/jakarta.enterprise.cdi-api/2.0.2/jakarta.enterprise.cdi-api-2.0.2.jar:/Users/marcotulionascimento/.m2/repository/jakarta/el/jakarta.el-api/3.0.3/jakarta.el-api-3.0.3.jar:/Users/marcotulionascimento/.m2/repository/jakarta/interceptor/jakarta.interceptor-api/1.2.5/jakarta.interceptor-api-1.2.5.jar:/Users/marcotulionascimento/.m2/repository/jakarta/transaction/jakarta.transaction-api/1.3.3/jakarta.transaction-api-1.3.3.jar:/Users/marcotulionascimento/.m2/repository/io/smallrye/reactive/mutiny/1.7.0/mutiny-1.7.0.jar:/Users/marcotulionascimento/.m2/repository/org/reactivestreams/reactive-streams/1.0.3/reactive-streams-1.0.3.jar:/Users/marcotulionascimento/.m2/repository/io/smallrye/common/smallrye-common-annotation/1.13.1/smallrye-common-annotation-1.13.1.jar:/Users/marcotulionascimento/.m2/repository/io/quarkus/quarkus-core/2.13.3.Final/quarkus-core-2.13.3.Final.jar:/Users/marcotulionascimento/.m2/repository/jakarta/inject/jakarta.inject-api/1.0/jakarta.inject-api-1.0.jar:/Users/marcotulionascimento/.m2/repository/io/quarkus/quarkus-ide-launcher/2.13.3.Final/quarkus-ide-launcher-2.13.3.Final.jar:/Users/marcotulionascimento/.m2/repository/io/quarkus/quarkus-development-mode-spi/2.13.3.Final/quarkus-development-mode-spi-2.13.3.Final.jar:/Users/marcotulionascimento/.m2/repository/io/smallrye/config/smallrye-config/2.12.0/smallrye-config-2.12.0.jar:/Users/marcotulionascimento/.m2/repository/io/smallrye/config/smallrye-config-core/2.12.0/smallrye-config-core-2.12.0.jar:/Users/marcotulionascimento/.m2/repository/org/eclipse/microprofile/config/microprofile-config-api/2.0.1/microprofile-config-api-2.0.1.jar:/Users/marcotulionascimento/.m2/repository/io/smallrye/common/smallrye-common-expression/1.13.1/smallrye-common-expression-1.13.1.jar:/Users/marcotulionascimento/.m2/repository/io/smallrye/common/smallrye-common-function/1.13.1/smallrye-common-function-1.13.1.jar:/Users/marcotulionascimento/.m2/repository/io/smallrye/common/smallrye-common-classloader/1.13.1/smallrye-common-classloader-1.13.1.jar:/Users/marcotulionascimento/.m2/repository/io/smallrye/config/smallrye-config-common/2.12.0/smallrye-config-common-2.12.0.jar:/Users/marcotulionascimento/.m2/repository/org/jboss/logmanager/jboss-logmanager-embedded/1.0.10/jboss-logmanager-embedded-1.0.10.jar:/Users/marcotulionascimento/.m2/repository/org/jboss/logging/jboss-logging-annotations/2.2.1.Final/jboss-logging-annotations-2.2.1.Final.jar:/Users/marcotulionascimento/.m2/repository/org/jboss/threads/jboss-threads/3.4.3.Final/jboss-threads-3.4.3.Final.jar:/Users/marcotulionascimento/.m2/repository/org/slf4j/slf4j-api/1.7.36/slf4j-api-1.7.36.jar:/Users/marcotulionascimento/.m2/repository/org/jboss/slf4j/slf4j-jboss-logmanager/1.2.0.Final/slf4j-jboss-logmanager-1.2.0.Final.jar:/Users/marcotulionascimento/.m2/repository/org/graalvm/sdk/graal-sdk/22.2.0/graal-sdk-22.2.0.jar:/Users/marcotulionascimento/.m2/repository/org/wildfly/common/wildfly-common/1.5.4.Final-format-001/wildfly-common-1.5.4.Final-format-001.jar:/Users/marcotulionascimento/.m2/repository/io/quarkus/quarkus-bootstrap-runner/2.13.3.Final/quarkus-bootstrap-runner-2.13.3.Final.jar:/Users/marcotulionascimento/.m2/repository/io/quarkus/quarkus-fs-util/0.0.9/quarkus-fs-util-0.0.9.jar:/Users/marcotulionascimento/.m2/repository/org/eclipse/microprofile/context-propagation/microprofile-context-propagation-api/1.2/microprofile-context-propagation-api-1.2.jar:/Users/marcotulionascimento/.m2/repository/io/quarkus/quarkus-resteasy-reactive/2.13.3.Final/quarkus-resteasy-reactive-2.13.3.Final.jar:/Users/marcotulionascimento/.m2/repository/io/quarkus/quarkus-resteasy-reactive-common/2.13.3.Final/quarkus-resteasy-reactive-common-2.13.3.Final.jar:/Users/marcotulionascimento/.m2/repository/io/quarkus/resteasy/reactive/resteasy-reactive-common/2.13.3.Final/resteasy-reactive-common-2.13.3.Final.jar:/Users/marcotulionascimento/.m2/repository/io/quarkus/resteasy/reactive/resteasy-reactive-common-types/2.13.3.Final/resteasy-reactive-common-types-2.13.3.Final.jar:/Users/marcotulionascimento/.m2/repository/io/quarkus/quarkus-mutiny/2.13.3.Final/quarkus-mutiny-2.13.3.Final.jar:/Users/marcotulionascimento/.m2/repository/io/quarkus/quarkus-smallrye-context-propagation/2.13.3.Final/quarkus-smallrye-context-propagation-2.13.3.Final.jar:/Users/marcotulionascimento/.m2/repository/io/smallrye/smallrye-context-propagation/1.2.2/smallrye-context-propagation-1.2.2.jar:/Users/marcotulionascimento/.m2/repository/io/smallrye/smallrye-context-propagation-api/1.2.2/smallrye-context-propagation-api-1.2.2.jar:/Users/marcotulionascimento/.m2/repository/io/smallrye/smallrye-context-propagation-storage/1.2.2/smallrye-context-propagation-storage-1.2.2.jar:/Users/marcotulionascimento/.m2/repository/io/smallrye/reactive/mutiny-smallrye-context-propagation/1.7.0/mutiny-smallrye-context-propagation-1.7.0.jar:/Users/marcotulionascimento/.m2/repository/io/quarkus/quarkus-vertx/2.13.3.Final/quarkus-vertx-2.13.3.Final.jar:/Users/marcotulionascimento/.m2/repository/io/quarkus/quarkus-netty/2.13.3.Final/quarkus-netty-2.13.3.Final.jar:/Users/marcotulionascimento/.m2/repository/io/netty/netty-codec/4.1.82.Final/netty-codec-4.1.82.Final.jar:/Users/marcotulionascimento/.m2/repository/io/netty/netty-codec-http/4.1.82.Final/netty-codec-http-4.1.82.Final.jar:/Users/marcotulionascimento/.m2/repository/io/netty/netty-codec-http2/4.1.82.Final/netty-codec-http2-4.1.82.Final.jar:/Users/marcotulionascimento/.m2/repository/io/netty/netty-handler/4.1.82.Final/netty-handler-4.1.82.Final.jar:/Users/marcotulionascimento/.m2/repository/io/netty/netty-transport-native-unix-common/4.1.82.Final/netty-transport-native-unix-common-4.1.82.Final.jar:/Users/marcotulionascimento/.m2/repository/com/aayushatharva/brotli4j/brotli4j/1.8.0/brotli4j-1.8.0.jar:/Users/marcotulionascimento/.m2/repository/com/aayushatharva/brotli4j/native-osx-aarch64/1.8.0/native-osx-aarch64-1.8.0.jar:/Users/marcotulionascimento/.m2/repository/io/netty/netty-codec-haproxy/4.1.82.Final/netty-codec-haproxy-4.1.82.Final.jar:/Users/marcotulionascimento/.m2/repository/io/netty/netty-buffer/4.1.82.Final/netty-buffer-4.1.82.Final.jar:/Users/marcotulionascimento/.m2/repository/io/netty/netty-transport/4.1.82.Final/netty-transport-4.1.82.Final.jar:/Users/marcotulionascimento/.m2/repository/io/quarkus/quarkus-vertx-latebound-mdc-provider/2.13.3.Final/quarkus-vertx-latebound-mdc-provider-2.13.3.Final.jar:/Users/marcotulionascimento/.m2/repository/io/smallrye/smallrye-fault-tolerance-vertx/5.5.0/smallrye-fault-tolerance-vertx-5.5.0.jar:/Users/marcotulionascimento/.m2/repository/io/quarkus/resteasy/reactive/resteasy-reactive-vertx/2.13.3.Final/resteasy-reactive-vertx-2.13.3.Final.jar:/Users/marcotulionascimento/.m2/repository/io/vertx/vertx-web/4.3.4/vertx-web-4.3.4.jar:/Users/marcotulionascimento/.m2/repository/io/vertx/vertx-web-common/4.3.4/vertx-web-common-4.3.4.jar:/Users/marcotulionascimento/.m2/repository/io/vertx/vertx-auth-common/4.3.4/vertx-auth-common-4.3.4.jar:/Users/marcotulionascimento/.m2/repository/io/vertx/vertx-bridge-common/4.3.4/vertx-bridge-common-4.3.4.jar:/Users/marcotulionascimento/.m2/repository/io/vertx/vertx-core/4.3.4/vertx-core-4.3.4.jar:/Users/marcotulionascimento/.m2/repository/io/netty/netty-common/4.1.82.Final/netty-common-4.1.82.Final.jar:/Users/marcotulionascimento/.m2/repository/io/netty/netty-handler-proxy/4.1.82.Final/netty-handler-proxy-4.1.82.Final.jar:/Users/marcotulionascimento/.m2/repository/io/netty/netty-codec-socks/4.1.82.Final/netty-codec-socks-4.1.82.Final.jar:/Users/marcotulionascimento/.m2/repository/io/netty/netty-resolver/4.1.82.Final/netty-resolver-4.1.82.Final.jar:/Users/marcotulionascimento/.m2/repository/io/netty/netty-resolver-dns/4.1.82.Final/netty-resolver-dns-4.1.82.Final.jar:/Users/marcotulionascimento/.m2/repository/io/netty/netty-codec-dns/4.1.82.Final/netty-codec-dns-4.1.82.Final.jar:/Users/marcotulionascimento/.m2/repository/io/smallrye/reactive/smallrye-mutiny-vertx-core/2.27.0/smallrye-mutiny-vertx-core-2.27.0.jar:/Users/marcotulionascimento/.m2/repository/io/smallrye/reactive/smallrye-mutiny-vertx-runtime/2.27.0/smallrye-mutiny-vertx-runtime-2.27.0.jar:/Users/marcotulionascimento/.m2/repository/io/smallrye/reactive/vertx-mutiny-generator/2.27.0/vertx-mutiny-generator-2.27.0.jar:/Users/marcotulionascimento/.m2/repository/io/vertx/vertx-codegen/4.3.4/vertx-codegen-4.3.4.jar:/Users/marcotulionascimento/.m2/repository/org/jboss/spec/javax/ws/rs/jboss-jaxrs-api_2.1_spec/2.0.1.Final/jboss-jaxrs-api_2.1_spec-2.0.1.Final.jar:/Users/marcotulionascimento/.m2/repository/io/quarkus/quarkus-vertx-http/2.13.3.Final/quarkus-vertx-http-2.13.3.Final.jar:/Users/marcotulionascimento/.m2/repository/io/quarkus/quarkus-security-runtime-spi/2.13.3.Final/quarkus-security-runtime-spi-2.13.3.Final.jar:/Users/marcotulionascimento/.m2/repository/io/quarkus/quarkus-credentials/2.13.3.Final/quarkus-credentials-2.13.3.Final.jar:/Users/marcotulionascimento/.m2/repository/io/smallrye/common/smallrye-common-vertx-context/1.13.1/smallrye-common-vertx-context-1.13.1.jar:/Users/marcotulionascimento/.m2/repository/io/smallrye/common/smallrye-common-constraint/1.13.1/smallrye-common-constraint-1.13.1.jar:/Users/marcotulionascimento/.m2/repository/io/quarkus/quarkus-vertx-http-dev-console-runtime-spi/2.13.3.Final/quarkus-vertx-http-dev-console-runtime-spi-2.13.3.Final.jar:/Users/marcotulionascimento/.m2/repository/io/quarkus/security/quarkus-security/1.1.4.Final/quarkus-security-1.1.4.Final.jar:/Users/marcotulionascimento/.m2/repository/io/smallrye/reactive/smallrye-mutiny-vertx-web/2.27.0/smallrye-mutiny-vertx-web-2.27.0.jar:/Users/marcotulionascimento/.m2/repository/io/smallrye/reactive/smallrye-mutiny-vertx-web-common/2.27.0/smallrye-mutiny-vertx-web-common-2.27.0.jar:/Users/marcotulionascimento/.m2/repository/io/smallrye/reactive/smallrye-mutiny-vertx-auth-common/2.27.0/smallrye-mutiny-vertx-auth-common-2.27.0.jar:/Users/marcotulionascimento/.m2/repository/io/smallrye/reactive/smallrye-mutiny-vertx-bridge-common/2.27.0/smallrye-mutiny-vertx-bridge-common-2.27.0.jar:/Users/marcotulionascimento/.m2/repository/io/smallrye/reactive/smallrye-mutiny-vertx-uri-template/2.27.0/smallrye-mutiny-vertx-uri-template-2.27.0.jar:/Users/marcotulionascimento/.m2/repository/io/vertx/vertx-uri-template/4.3.4/vertx-uri-template-4.3.4.jar:/Users/marcotulionascimento/.m2/repository/io/github/crac/org-crac/0.1.1/org-crac-0.1.1.jar:/Users/marcotulionascimento/.m2/repository/io/quarkus/quarkus-jsonp/2.13.3.Final/quarkus-jsonp-2.13.3.Final.jar:/Users/marcotulionascimento/.m2/repository/org/glassfish/jakarta.json/1.1.6/jakarta.json-1.1.6.jar:/Users/marcotulionascimento/.m2/repository/io/quarkus/quarkus-junit5/2.13.3.Final/quarkus-junit5-2.13.3.Final.jar:/Users/marcotulionascimento/.m2/repository/io/quarkus/quarkus-bootstrap-core/2.13.3.Final/quarkus-bootstrap-core-2.13.3.Final.jar:/Users/marcotulionascimento/.m2/repository/io/quarkus/quarkus-bootstrap-app-model/2.13.3.Final/quarkus-bootstrap-app-model-2.13.3.Final.jar:/Users/marcotulionascimento/.m2/repository/io/smallrye/common/smallrye-common-io/1.13.1/smallrye-common-io-1.13.1.jar:/Users/marcotulionascimento/.m2/repository/org/eclipse/sisu/org.eclipse.sisu.inject/0.3.5/org.eclipse.sisu.inject-0.3.5.jar:/Users/marcotulionascimento/.m2/repository/io/quarkus/quarkus-test-common/2.13.3.Final/quarkus-test-common-2.13.3.Final.jar:/Users/marcotulionascimento/.m2/repository/io/quarkus/quarkus-core-deployment/2.13.3.Final/quarkus-core-deployment-2.13.3.Final.jar:/Users/marcotulionascimento/.m2/repository/org/aesh/readline/2.2/readline-2.2.jar:/Users/marcotulionascimento/.m2/repository/org/fusesource/jansi/jansi/1.18/jansi-1.18.jar:/Users/marcotulionascimento/.m2/repository/org/aesh/aesh/2.6/aesh-2.6.jar:/Users/marcotulionascimento/.m2/repository/io/quarkus/gizmo/gizmo/1.1.1.Final/gizmo-1.1.1.Final.jar:/Users/marcotulionascimento/.m2/repository/org/ow2/asm/asm-util/9.3/asm-util-9.3.jar:/Users/marcotulionascimento/.m2/repository/org/ow2/asm/asm/9.3/asm-9.3.jar:/Users/marcotulionascimento/.m2/repository/org/ow2/asm/asm-commons/9.3/asm-commons-9.3.jar:/Users/marcotulionascimento/.m2/repository/org/ow2/asm/asm-tree/9.3/asm-tree-9.3.jar:/Users/marcotulionascimento/.m2/repository/org/ow2/asm/asm-analysis/9.3/asm-analysis-9.3.jar:/Users/marcotulionascimento/.m2/repository/io/quarkus/quarkus-class-change-agent/2.13.3.Final/quarkus-class-change-agent-2.13.3.Final.jar:/Users/marcotulionascimento/.m2/repository/io/quarkus/quarkus-devtools-utilities/2.13.3.Final/quarkus-devtools-utilities-2.13.3.Final.jar:/Users/marcotulionascimento/.m2/repository/io/quarkus/quarkus-builder/2.13.3.Final/quarkus-builder-2.13.3.Final.jar:/Users/marcotulionascimento/.m2/repository/org/junit/platform/junit-platform-launcher/1.9.1/junit-platform-launcher-1.9.1.jar:/Users/marcotulionascimento/.m2/repository/io/quarkus/quarkus-bootstrap-maven-resolver/2.13.3.Final/quarkus-bootstrap-maven-resolver-2.13.3.Final.jar:/Users/marcotulionascimento/.m2/repository/org/apache/maven/maven-embedder/3.8.6/maven-embedder-3.8.6.jar:/Users/marcotulionascimento/.m2/repository/org/apache/maven/maven-settings/3.8.6/maven-settings-3.8.6.jar:/Users/marcotulionascimento/.m2/repository/org/apache/maven/maven-core/3.8.6/maven-core-3.8.6.jar:/Users/marcotulionascimento/.m2/repository/org/apache/maven/maven-artifact/3.8.6/maven-artifact-3.8.6.jar:/Users/marcotulionascimento/.m2/repository/org/codehaus/plexus/plexus-component-annotations/2.1.0/plexus-component-annotations-2.1.0.jar:/Users/marcotulionascimento/.m2/repository/org/apache/maven/maven-plugin-api/3.8.6/maven-plugin-api-3.8.6.jar:/Users/marcotulionascimento/.m2/repository/org/apache/maven/maven-model/3.8.6/maven-model-3.8.6.jar:/Users/marcotulionascimento/.m2/repository/org/apache/maven/maven-model-builder/3.8.6/maven-model-builder-3.8.6.jar:/Users/marcotulionascimento/.m2/repository/org/apache/maven/maven-builder-support/3.8.6/maven-builder-support-3.8.6.jar:/Users/marcotulionascimento/.m2/repository/org/apache/maven/resolver/maven-resolver-api/1.6.3/maven-resolver-api-1.6.3.jar:/Users/marcotulionascimento/.m2/repository/org/apache/maven/resolver/maven-resolver-util/1.6.3/maven-resolver-util-1.6.3.jar:/Users/marcotulionascimento/.m2/repository/org/apache/maven/shared/maven-shared-utils/3.3.4/maven-shared-utils-3.3.4.jar:/Users/marcotulionascimento/.m2/repository/commons-io/commons-io/2.11.0/commons-io-2.11.0.jar:/Users/marcotulionascimento/.m2/repository/com/google/inject/guice/4.2.2/guice-4.2.2-no_aop.jar:/Users/marcotulionascimento/.m2/repository/com/google/guava/guava/31.1-jre/guava-31.1-jre.jar:/Users/marcotulionascimento/.m2/repository/com/google/guava/failureaccess/1.0.1/failureaccess-1.0.1.jar:/Users/marcotulionascimento/.m2/repository/org/codehaus/plexus/plexus-classworlds/2.6.0/plexus-classworlds-2.6.0.jar:/Users/marcotulionascimento/.m2/repository/org/codehaus/plexus/plexus-sec-dispatcher/2.0/plexus-sec-dispatcher-2.0.jar:/Users/marcotulionascimento/.m2/repository/org/codehaus/plexus/plexus-cipher/2.0/plexus-cipher-2.0.jar:/Users/marcotulionascimento/.m2/repository/commons-cli/commons-cli/1.4/commons-cli-1.4.jar:/Users/marcotulionascimento/.m2/repository/org/eclipse/sisu/org.eclipse.sisu.plexus/0.3.5/org.eclipse.sisu.plexus-0.3.5.jar:/Users/marcotulionascimento/.m2/repository/org/apache/maven/maven-settings-builder/3.8.6/maven-settings-builder-3.8.6.jar:/Users/marcotulionascimento/.m2/repository/org/codehaus/plexus/plexus-interpolation/1.26/plexus-interpolation-1.26.jar:/Users/marcotulionascimento/.m2/repository/org/apache/maven/maven-resolver-provider/3.8.6/maven-resolver-provider-3.8.6.jar:/Users/marcotulionascimento/.m2/repository/org/apache/maven/maven-repository-metadata/3.8.6/maven-repository-metadata-3.8.6.jar:/Users/marcotulionascimento/.m2/repository/org/apache/maven/resolver/maven-resolver-spi/1.6.3/maven-resolver-spi-1.6.3.jar:/Users/marcotulionascimento/.m2/repository/org/apache/maven/resolver/maven-resolver-impl/1.6.3/maven-resolver-impl-1.6.3.jar:/Users/marcotulionascimento/.m2/repository/org/codehaus/plexus/plexus-utils/3.3.0/plexus-utils-3.3.0.jar:/Users/marcotulionascimento/.m2/repository/org/apache/maven/resolver/maven-resolver-connector-basic/1.6.3/maven-resolver-connector-basic-1.6.3.jar:/Users/marcotulionascimento/.m2/repository/org/apache/maven/resolver/maven-resolver-transport-wagon/1.6.3/maven-resolver-transport-wagon-1.6.3.jar:/Users/marcotulionascimento/.m2/repository/org/apache/maven/wagon/wagon-http/3.5.1/wagon-http-3.5.1.jar:/Users/marcotulionascimento/.m2/repository/org/apache/maven/wagon/wagon-http-shared/3.5.1/wagon-http-shared-3.5.1.jar:/Users/marcotulionascimento/.m2/repository/org/apache/maven/wagon/wagon-provider-api/3.5.1/wagon-provider-api-3.5.1.jar:/Users/marcotulionascimento/.m2/repository/org/apache/maven/wagon/wagon-file/3.5.1/wagon-file-3.5.1.jar:/Users/marcotulionascimento/.m2/repository/io/quarkus/quarkus-bootstrap-gradle-resolver/2.13.3.Final/quarkus-bootstrap-gradle-resolver-2.13.3.Final.jar:/Users/marcotulionascimento/.m2/repository/org/jboss/jandex/2.4.3.Final/jandex-2.4.3.Final.jar:/Users/marcotulionascimento/.m2/repository/io/quarkus/quarkus-junit5-properties/2.13.3.Final/quarkus-junit5-properties-2.13.3.Final.jar:/Users/marcotulionascimento/.m2/repository/org/junit/jupiter/junit-jupiter/5.9.1/junit-jupiter-5.9.1.jar:/Users/marcotulionascimento/.m2/repository/org/junit/jupiter/junit-jupiter-api/5.9.1/junit-jupiter-api-5.9.1.jar:/Users/marcotulionascimento/.m2/repository/org/opentest4j/opentest4j/1.2.0/opentest4j-1.2.0.jar:/Users/marcotulionascimento/.m2/repository/org/junit/platform/junit-platform-commons/1.9.1/junit-platform-commons-1.9.1.jar:/Users/marcotulionascimento/.m2/repository/org/apiguardian/apiguardian-api/1.1.2/apiguardian-api-1.1.2.jar:/Users/marcotulionascimento/.m2/repository/org/junit/jupiter/junit-jupiter-params/5.9.1/junit-jupiter-params-5.9.1.jar:/Users/marcotulionascimento/.m2/repository/org/junit/jupiter/junit-jupiter-engine/5.9.1/junit-jupiter-engine-5.9.1.jar:/Users/marcotulionascimento/.m2/repository/org/junit/platform/junit-platform-engine/1.9.1/junit-platform-engine-1.9.1.jar:/Users/marcotulionascimento/.m2/repository/com/thoughtworks/xstream/xstream/1.4.19/xstream-1.4.19.jar:/Users/marcotulionascimento/.m2/repository/io/github/x-stream/mxparser/1.2.2/mxparser-1.2.2.jar:/Users/marcotulionascimento/.m2/repository/xmlpull/xmlpull/1.1.3.1/xmlpull-1.1.3.1.jar:/Users/marcotulionascimento/.m2/repository/io/rest-assured/rest-assured/4.5.1/rest-assured-4.5.1.jar:/Users/marcotulionascimento/.m2/repository/org/codehaus/groovy/groovy/3.0.9/groovy-3.0.9.jar:/Users/marcotulionascimento/.m2/repository/org/codehaus/groovy/groovy-xml/3.0.9/groovy-xml-3.0.9.jar:/Users/marcotulionascimento/.m2/repository/org/apache/httpcomponents/httpclient/4.5.13/httpclient-4.5.13.jar:/Users/marcotulionascimento/.m2/repository/org/apache/httpcomponents/httpcore/4.4.15/httpcore-4.4.15.jar:/Users/marcotulionascimento/.m2/repository/commons-codec/commons-codec/1.15/commons-codec-1.15.jar:/Users/marcotulionascimento/.m2/repository/org/apache/httpcomponents/httpmime/4.5.13/httpmime-4.5.13.jar:/Users/marcotulionascimento/.m2/repository/org/hamcrest/hamcrest/2.1/hamcrest-2.1.jar:/Users/marcotulionascimento/.m2/repository/org/ccil/cowan/tagsoup/tagsoup/1.2.1/tagsoup-1.2.1.jar:/Users/marcotulionascimento/.m2/repository/io/rest-assured/json-path/4.5.1/json-path-4.5.1.jar:/Users/marcotulionascimento/.m2/repository/org/codehaus/groovy/groovy-json/3.0.9/groovy-json-3.0.9.jar:/Users/marcotulionascimento/.m2/repository/io/rest-assured/rest-assured-common/4.5.1/rest-assured-common-4.5.1.jar:/Users/marcotulionascimento/.m2/repository/io/rest-assured/xml-path/4.5.1/xml-path-4.5.1.jar:/Users/marcotulionascimento/.m2/repository/org/apache/commons/commons-lang3/3.12.0/commons-lang3-3.12.0.jar:"/>
    <property name="java.vm.vendor" value="GraalVM Community"/>
    <property name="sun.arch.data.model" value="64"/>
    <property name="java.vendor.url" value="https://www.graalvm.org/"/>
    <property name="user.timezone" value="Europe/Helsinki"/>
    <property name="logging.initial-configurator.min-level" value="500"/>
    <property name="os.name" value="Mac OS X"/>
    <property name="java.vm.specification.version" value="17"/>
    <property name="sun.java.launcher" value="SUN_STANDARD"/>
    <property name="user.country" value="SE"/>
    <property name="sun.boot.library.path" value="/Users/marcotulionascimento/.sdkman/candidates/java/22.1.0.r17-grl/lib"/>
    <property name="sun.java.command" value="/Users/marcotulionascimento/IdeaProjects/crud/target/surefire/surefirebooter-20221105181736267_3.jar /Users/marcotulionascimento/IdeaProjects/crud/target/surefire 2022-11-05T18-17-36_177-jvmRun1 surefire-20221105181736267_1tmp surefire_0-20221105181736267_2tmp"/>
    <property name="maven.home" value="/opt/homebrew/Cellar/maven/3.8.5/libexec"/>
    <property name="jdk.debug" value="release"/>
    <property name="surefire.test.class.path" value="/Users/marcotulionascimento/IdeaProjects/crud/target/test-classes:/Users/marcotulionascimento/IdeaProjects/crud/target/classes:/Users/marcotulionascimento/.m2/repository/io/quarkus/quarkus-resteasy-reactive-jackson/2.13.3.Final/quarkus-resteasy-reactive-jackson-2.13.3.Final.jar:/Users/marcotulionascimento/.m2/repository/io/quarkus/quarkus-resteasy-reactive-jackson-common/2.13.3.Final/quarkus-resteasy-reactive-jackson-common-2.13.3.Final.jar:/Users/marcotulionascimento/.m2/repository/io/quarkus/quarkus-jackson/2.13.3.Final/quarkus-jackson-2.13.3.Final.jar:/Users/marcotulionascimento/.m2/repository/com/fasterxml/jackson/datatype/jackson-datatype-jsr310/2.13.4/jackson-datatype-jsr310-2.13.4.jar:/Users/marcotulionascimento/.m2/repository/com/fasterxml/jackson/datatype/jackson-datatype-jdk8/2.13.4/jackson-datatype-jdk8-2.13.4.jar:/Users/marcotulionascimento/.m2/repository/com/fasterxml/jackson/module/jackson-module-parameter-names/2.13.4/jackson-module-parameter-names-2.13.4.jar:/Users/marcotulionascimento/.m2/repository/io/quarkus/quarkus-rest-client-reactive-jackson/2.13.3.Final/quarkus-rest-client-reactive-jackson-2.13.3.Final.jar:/Users/marcotulionascimento/.m2/repository/io/quarkus/resteasy/reactive/resteasy-reactive-jackson/2.13.3.Final/resteasy-reactive-jackson-2.13.3.Final.jar:/Users/marcotulionascimento/.m2/repository/io/quarkus/resteasy/reactive/resteasy-reactive/2.13.3.Final/resteasy-reactive-2.13.3.Final.jar:/Users/marcotulionascimento/.m2/repository/com/fasterxml/jackson/core/jackson-databind/2.13.4.2/jackson-databind-2.13.4.2.jar:/Users/marcotulionascimento/.m2/repository/com/fasterxml/jackson/core/jackson-annotations/2.13.4/jackson-annotations-2.13.4.jar:/Users/marcotulionascimento/.m2/repository/com/fasterxml/jackson/core/jackson-core/2.13.4/jackson-core-2.13.4.jar:/Users/marcotulionascimento/.m2/repository/jakarta/annotation/jakarta.annotation-api/1.3.5/jakarta.annotation-api-1.3.5.jar:/Users/marcotulionascimento/.m2/repository/org/jboss/logging/commons-logging-jboss-logging/1.0.0.Final/commons-logging-jboss-logging-1.0.0.Final.jar:/Users/marcotulionascimento/.m2/repository/org/jboss/spec/javax/xml/bind/jboss-jaxb-api_2.3_spec/2.0.0.Final/jboss-jaxb-api_2.3_spec-2.0.0.Final.jar:/Users/marcotulionascimento/.m2/repository/org/jboss/logging/jboss-logging/3.5.0.Final/jboss-logging-3.5.0.Final.jar:/Users/marcotulionascimento/.m2/repository/io/quarkus/quarkus-rest-client-reactive/2.13.3.Final/quarkus-rest-client-reactive-2.13.3.Final.jar:/Users/marcotulionascimento/.m2/repository/io/quarkus/quarkus-jaxrs-client-reactive/2.13.3.Final/quarkus-jaxrs-client-reactive-2.13.3.Final.jar:/Users/marcotulionascimento/.m2/repository/io/quarkus/resteasy/reactive/resteasy-reactive-client/2.13.3.Final/resteasy-reactive-client-2.13.3.Final.jar:/Users/marcotulionascimento/.m2/repository/io/vertx/vertx-web-client/4.3.4/vertx-web-client-4.3.4.jar:/Users/marcotulionascimento/.m2/repository/io/quarkus/quarkus-smallrye-stork/2.13.3.Final/quarkus-smallrye-stork-2.13.3.Final.jar:/Users/marcotulionascimento/.m2/repository/io/quarkus/quarkus-rest-client-config/2.13.3.Final/quarkus-rest-client-config-2.13.3.Final.jar:/Users/marcotulionascimento/.m2/repository/io/smallrye/stork/stork-api/1.1.2/stork-api-1.1.2.jar:/Users/marcotulionascimento/.m2/repository/io/smallrye/stork/stork-core/1.1.2/stork-core-1.1.2.jar:/Users/marcotulionascimento/.m2/repository/org/eclipse/microprofile/rest/client/microprofile-rest-client-api/2.0/microprofile-rest-client-api-2.0.jar:/Users/marcotulionascimento/.m2/repository/io/quarkus/quarkus-arc/2.13.3.Final/quarkus-arc-2.13.3.Final.jar:/Users/marcotulionascimento/.m2/repository/io/quarkus/arc/arc/2.13.3.Final/arc-2.13.3.Final.jar:/Users/marcotulionascimento/.m2/repository/jakarta/enterprise/jakarta.enterprise.cdi-api/2.0.2/jakarta.enterprise.cdi-api-2.0.2.jar:/Users/marcotulionascimento/.m2/repository/jakarta/el/jakarta.el-api/3.0.3/jakarta.el-api-3.0.3.jar:/Users/marcotulionascimento/.m2/repository/jakarta/interceptor/jakarta.interceptor-api/1.2.5/jakarta.interceptor-api-1.2.5.jar:/Users/marcotulionascimento/.m2/repository/jakarta/transaction/jakarta.transaction-api/1.3.3/jakarta.transaction-api-1.3.3.jar:/Users/marcotulionascimento/.m2/repository/io/smallrye/reactive/mutiny/1.7.0/mutiny-1.7.0.jar:/Users/marcotulionascimento/.m2/repository/org/reactivestreams/reactive-streams/1.0.3/reactive-streams-1.0.3.jar:/Users/marcotulionascimento/.m2/repository/io/smallrye/common/smallrye-common-annotation/1.13.1/smallrye-common-annotation-1.13.1.jar:/Users/marcotulionascimento/.m2/repository/io/quarkus/quarkus-core/2.13.3.Final/quarkus-core-2.13.3.Final.jar:/Users/marcotulionascimento/.m2/repository/jakarta/inject/jakarta.inject-api/1.0/jakarta.inject-api-1.0.jar:/Users/marcotulionascimento/.m2/repository/io/quarkus/quarkus-ide-launcher/2.13.3.Final/quarkus-ide-launcher-2.13.3.Final.jar:/Users/marcotulionascimento/.m2/repository/io/quarkus/quarkus-development-mode-spi/2.13.3.Final/quarkus-development-mode-spi-2.13.3.Final.jar:/Users/marcotulionascimento/.m2/repository/io/smallrye/config/smallrye-config/2.12.0/smallrye-config-2.12.0.jar:/Users/marcotulionascimento/.m2/repository/io/smallrye/config/smallrye-config-core/2.12.0/smallrye-config-core-2.12.0.jar:/Users/marcotulionascimento/.m2/repository/org/eclipse/microprofile/config/microprofile-config-api/2.0.1/microprofile-config-api-2.0.1.jar:/Users/marcotulionascimento/.m2/repository/io/smallrye/common/smallrye-common-expression/1.13.1/smallrye-common-expression-1.13.1.jar:/Users/marcotulionascimento/.m2/repository/io/smallrye/common/smallrye-common-function/1.13.1/smallrye-common-function-1.13.1.jar:/Users/marcotulionascimento/.m2/repository/io/smallrye/common/smallrye-common-classloader/1.13.1/smallrye-common-classloader-1.13.1.jar:/Users/marcotulionascimento/.m2/repository/io/smallrye/config/smallrye-config-common/2.12.0/smallrye-config-common-2.12.0.jar:/Users/marcotulionascimento/.m2/repository/org/jboss/logmanager/jboss-logmanager-embedded/1.0.10/jboss-logmanager-embedded-1.0.10.jar:/Users/marcotulionascimento/.m2/repository/org/jboss/logging/jboss-logging-annotations/2.2.1.Final/jboss-logging-annotations-2.2.1.Final.jar:/Users/marcotulionascimento/.m2/repository/org/jboss/threads/jboss-threads/3.4.3.Final/jboss-threads-3.4.3.Final.jar:/Users/marcotulionascimento/.m2/repository/org/slf4j/slf4j-api/1.7.36/slf4j-api-1.7.36.jar:/Users/marcotulionascimento/.m2/repository/org/jboss/slf4j/slf4j-jboss-logmanager/1.2.0.Final/slf4j-jboss-logmanager-1.2.0.Final.jar:/Users/marcotulionascimento/.m2/repository/org/graalvm/sdk/graal-sdk/22.2.0/graal-sdk-22.2.0.jar:/Users/marcotulionascimento/.m2/repository/org/wildfly/common/wildfly-common/1.5.4.Final-format-001/wildfly-common-1.5.4.Final-format-001.jar:/Users/marcotulionascimento/.m2/repository/io/quarkus/quarkus-bootstrap-runner/2.13.3.Final/quarkus-bootstrap-runner-2.13.3.Final.jar:/Users/marcotulionascimento/.m2/repository/io/quarkus/quarkus-fs-util/0.0.9/quarkus-fs-util-0.0.9.jar:/Users/marcotulionascimento/.m2/repository/org/eclipse/microprofile/context-propagation/microprofile-context-propagation-api/1.2/microprofile-context-propagation-api-1.2.jar:/Users/marcotulionascimento/.m2/repository/io/quarkus/quarkus-resteasy-reactive/2.13.3.Final/quarkus-resteasy-reactive-2.13.3.Final.jar:/Users/marcotulionascimento/.m2/repository/io/quarkus/quarkus-resteasy-reactive-common/2.13.3.Final/quarkus-resteasy-reactive-common-2.13.3.Final.jar:/Users/marcotulionascimento/.m2/repository/io/quarkus/resteasy/reactive/resteasy-reactive-common/2.13.3.Final/resteasy-reactive-common-2.13.3.Final.jar:/Users/marcotulionascimento/.m2/repository/io/quarkus/resteasy/reactive/resteasy-reactive-common-types/2.13.3.Final/resteasy-reactive-common-types-2.13.3.Final.jar:/Users/marcotulionascimento/.m2/repository/io/quarkus/quarkus-mutiny/2.13.3.Final/quarkus-mutiny-2.13.3.Final.jar:/Users/marcotulionascimento/.m2/repository/io/quarkus/quarkus-smallrye-context-propagation/2.13.3.Final/quarkus-smallrye-context-propagation-2.13.3.Final.jar:/Users/marcotulionascimento/.m2/repository/io/smallrye/smallrye-context-propagation/1.2.2/smallrye-context-propagation-1.2.2.jar:/Users/marcotulionascimento/.m2/repository/io/smallrye/smallrye-context-propagation-api/1.2.2/smallrye-context-propagation-api-1.2.2.jar:/Users/marcotulionascimento/.m2/repository/io/smallrye/smallrye-context-propagation-storage/1.2.2/smallrye-context-propagation-storage-1.2.2.jar:/Users/marcotulionascimento/.m2/repository/io/smallrye/reactive/mutiny-smallrye-context-propagation/1.7.0/mutiny-smallrye-context-propagation-1.7.0.jar:/Users/marcotulionascimento/.m2/repository/io/quarkus/quarkus-vertx/2.13.3.Final/quarkus-vertx-2.13.3.Final.jar:/Users/marcotulionascimento/.m2/repository/io/quarkus/quarkus-netty/2.13.3.Final/quarkus-netty-2.13.3.Final.jar:/Users/marcotulionascimento/.m2/repository/io/netty/netty-codec/4.1.82.Final/netty-codec-4.1.82.Final.jar:/Users/marcotulionascimento/.m2/repository/io/netty/netty-codec-http/4.1.82.Final/netty-codec-http-4.1.82.Final.jar:/Users/marcotulionascimento/.m2/repository/io/netty/netty-codec-http2/4.1.82.Final/netty-codec-http2-4.1.82.Final.jar:/Users/marcotulionascimento/.m2/repository/io/netty/netty-handler/4.1.82.Final/netty-handler-4.1.82.Final.jar:/Users/marcotulionascimento/.m2/repository/io/netty/netty-transport-native-unix-common/4.1.82.Final/netty-transport-native-unix-common-4.1.82.Final.jar:/Users/marcotulionascimento/.m2/repository/com/aayushatharva/brotli4j/brotli4j/1.8.0/brotli4j-1.8.0.jar:/Users/marcotulionascimento/.m2/repository/com/aayushatharva/brotli4j/native-osx-aarch64/1.8.0/native-osx-aarch64-1.8.0.jar:/Users/marcotulionascimento/.m2/repository/io/netty/netty-codec-haproxy/4.1.82.Final/netty-codec-haproxy-4.1.82.Final.jar:/Users/marcotulionascimento/.m2/repository/io/netty/netty-buffer/4.1.82.Final/netty-buffer-4.1.82.Final.jar:/Users/marcotulionascimento/.m2/repository/io/netty/netty-transport/4.1.82.Final/netty-transport-4.1.82.Final.jar:/Users/marcotulionascimento/.m2/repository/io/quarkus/quarkus-vertx-latebound-mdc-provider/2.13.3.Final/quarkus-vertx-latebound-mdc-provider-2.13.3.Final.jar:/Users/marcotulionascimento/.m2/repository/io/smallrye/smallrye-fault-tolerance-vertx/5.5.0/smallrye-fault-tolerance-vertx-5.5.0.jar:/Users/marcotulionascimento/.m2/repository/io/quarkus/resteasy/reactive/resteasy-reactive-vertx/2.13.3.Final/resteasy-reactive-vertx-2.13.3.Final.jar:/Users/marcotulionascimento/.m2/repository/io/vertx/vertx-web/4.3.4/vertx-web-4.3.4.jar:/Users/marcotulionascimento/.m2/repository/io/vertx/vertx-web-common/4.3.4/vertx-web-common-4.3.4.jar:/Users/marcotulionascimento/.m2/repository/io/vertx/vertx-auth-common/4.3.4/vertx-auth-common-4.3.4.jar:/Users/marcotulionascimento/.m2/repository/io/vertx/vertx-bridge-common/4.3.4/vertx-bridge-common-4.3.4.jar:/Users/marcotulionascimento/.m2/repository/io/vertx/vertx-core/4.3.4/vertx-core-4.3.4.jar:/Users/marcotulionascimento/.m2/repository/io/netty/netty-common/4.1.82.Final/netty-common-4.1.82.Final.jar:/Users/marcotulionascimento/.m2/repository/io/netty/netty-handler-proxy/4.1.82.Final/netty-handler-proxy-4.1.82.Final.jar:/Users/marcotulionascimento/.m2/repository/io/netty/netty-codec-socks/4.1.82.Final/netty-codec-socks-4.1.82.Final.jar:/Users/marcotulionascimento/.m2/repository/io/netty/netty-resolver/4.1.82.Final/netty-resolver-4.1.82.Final.jar:/Users/marcotulionascimento/.m2/repository/io/netty/netty-resolver-dns/4.1.82.Final/netty-resolver-dns-4.1.82.Final.jar:/Users/marcotulionascimento/.m2/repository/io/netty/netty-codec-dns/4.1.82.Final/netty-codec-dns-4.1.82.Final.jar:/Users/marcotulionascimento/.m2/repository/io/smallrye/reactive/smallrye-mutiny-vertx-core/2.27.0/smallrye-mutiny-vertx-core-2.27.0.jar:/Users/marcotulionascimento/.m2/repository/io/smallrye/reactive/smallrye-mutiny-vertx-runtime/2.27.0/smallrye-mutiny-vertx-runtime-2.27.0.jar:/Users/marcotulionascimento/.m2/repository/io/smallrye/reactive/vertx-mutiny-generator/2.27.0/vertx-mutiny-generator-2.27.0.jar:/Users/marcotulionascimento/.m2/repository/io/vertx/vertx-codegen/4.3.4/vertx-codegen-4.3.4.jar:/Users/marcotulionascimento/.m2/repository/org/jboss/spec/javax/ws/rs/jboss-jaxrs-api_2.1_spec/2.0.1.Final/jboss-jaxrs-api_2.1_spec-2.0.1.Final.jar:/Users/marcotulionascimento/.m2/repository/io/quarkus/quarkus-vertx-http/2.13.3.Final/quarkus-vertx-http-2.13.3.Final.jar:/Users/marcotulionascimento/.m2/repository/io/quarkus/quarkus-security-runtime-spi/2.13.3.Final/quarkus-security-runtime-spi-2.13.3.Final.jar:/Users/marcotulionascimento/.m2/repository/io/quarkus/quarkus-credentials/2.13.3.Final/quarkus-credentials-2.13.3.Final.jar:/Users/marcotulionascimento/.m2/repository/io/smallrye/common/smallrye-common-vertx-context/1.13.1/smallrye-common-vertx-context-1.13.1.jar:/Users/marcotulionascimento/.m2/repository/io/smallrye/common/smallrye-common-constraint/1.13.1/smallrye-common-constraint-1.13.1.jar:/Users/marcotulionascimento/.m2/repository/io/quarkus/quarkus-vertx-http-dev-console-runtime-spi/2.13.3.Final/quarkus-vertx-http-dev-console-runtime-spi-2.13.3.Final.jar:/Users/marcotulionascimento/.m2/repository/io/quarkus/security/quarkus-security/1.1.4.Final/quarkus-security-1.1.4.Final.jar:/Users/marcotulionascimento/.m2/repository/io/smallrye/reactive/smallrye-mutiny-vertx-web/2.27.0/smallrye-mutiny-vertx-web-2.27.0.jar:/Users/marcotulionascimento/.m2/repository/io/smallrye/reactive/smallrye-mutiny-vertx-web-common/2.27.0/smallrye-mutiny-vertx-web-common-2.27.0.jar:/Users/marcotulionascimento/.m2/repository/io/smallrye/reactive/smallrye-mutiny-vertx-auth-common/2.27.0/smallrye-mutiny-vertx-auth-common-2.27.0.jar:/Users/marcotulionascimento/.m2/repository/io/smallrye/reactive/smallrye-mutiny-vertx-bridge-common/2.27.0/smallrye-mutiny-vertx-bridge-common-2.27.0.jar:/Users/marcotulionascimento/.m2/repository/io/smallrye/reactive/smallrye-mutiny-vertx-uri-template/2.27.0/smallrye-mutiny-vertx-uri-template-2.27.0.jar:/Users/marcotulionascimento/.m2/repository/io/vertx/vertx-uri-template/4.3.4/vertx-uri-template-4.3.4.jar:/Users/marcotulionascimento/.m2/repository/io/github/crac/org-crac/0.1.1/org-crac-0.1.1.jar:/Users/marcotulionascimento/.m2/repository/io/quarkus/quarkus-jsonp/2.13.3.Final/quarkus-jsonp-2.13.3.Final.jar:/Users/marcotulionascimento/.m2/repository/org/glassfish/jakarta.json/1.1.6/jakarta.json-1.1.6.jar:/Users/marcotulionascimento/.m2/repository/io/quarkus/quarkus-junit5/2.13.3.Final/quarkus-junit5-2.13.3.Final.jar:/Users/marcotulionascimento/.m2/repository/io/quarkus/quarkus-bootstrap-core/2.13.3.Final/quarkus-bootstrap-core-2.13.3.Final.jar:/Users/marcotulionascimento/.m2/repository/io/quarkus/quarkus-bootstrap-app-model/2.13.3.Final/quarkus-bootstrap-app-model-2.13.3.Final.jar:/Users/marcotulionascimento/.m2/repository/io/smallrye/common/smallrye-common-io/1.13.1/smallrye-common-io-1.13.1.jar:/Users/marcotulionascimento/.m2/repository/org/eclipse/sisu/org.eclipse.sisu.inject/0.3.5/org.eclipse.sisu.inject-0.3.5.jar:/Users/marcotulionascimento/.m2/repository/io/quarkus/quarkus-test-common/2.13.3.Final/quarkus-test-common-2.13.3.Final.jar:/Users/marcotulionascimento/.m2/repository/io/quarkus/quarkus-core-deployment/2.13.3.Final/quarkus-core-deployment-2.13.3.Final.jar:/Users/marcotulionascimento/.m2/repository/org/aesh/readline/2.2/readline-2.2.jar:/Users/marcotulionascimento/.m2/repository/org/fusesource/jansi/jansi/1.18/jansi-1.18.jar:/Users/marcotulionascimento/.m2/repository/org/aesh/aesh/2.6/aesh-2.6.jar:/Users/marcotulionascimento/.m2/repository/io/quarkus/gizmo/gizmo/1.1.1.Final/gizmo-1.1.1.Final.jar:/Users/marcotulionascimento/.m2/repository/org/ow2/asm/asm-util/9.3/asm-util-9.3.jar:/Users/marcotulionascimento/.m2/repository/org/ow2/asm/asm/9.3/asm-9.3.jar:/Users/marcotulionascimento/.m2/repository/org/ow2/asm/asm-commons/9.3/asm-commons-9.3.jar:/Users/marcotulionascimento/.m2/repository/org/ow2/asm/asm-tree/9.3/asm-tree-9.3.jar:/Users/marcotulionascimento/.m2/repository/org/ow2/asm/asm-analysis/9.3/asm-analysis-9.3.jar:/Users/marcotulionascimento/.m2/repository/io/quarkus/quarkus-class-change-agent/2.13.3.Final/quarkus-class-change-agent-2.13.3.Final.jar:/Users/marcotulionascimento/.m2/repository/io/quarkus/quarkus-devtools-utilities/2.13.3.Final/quarkus-devtools-utilities-2.13.3.Final.jar:/Users/marcotulionascimento/.m2/repository/io/quarkus/quarkus-builder/2.13.3.Final/quarkus-builder-2.13.3.Final.jar:/Users/marcotulionascimento/.m2/repository/org/junit/platform/junit-platform-launcher/1.9.1/junit-platform-launcher-1.9.1.jar:/Users/marcotulionascimento/.m2/repository/io/quarkus/quarkus-bootstrap-maven-resolver/2.13.3.Final/quarkus-bootstrap-maven-resolver-2.13.3.Final.jar:/Users/marcotulionascimento/.m2/repository/org/apache/maven/maven-embedder/3.8.6/maven-embedder-3.8.6.jar:/Users/marcotulionascimento/.m2/repository/org/apache/maven/maven-settings/3.8.6/maven-settings-3.8.6.jar:/Users/marcotulionascimento/.m2/repository/org/apache/maven/maven-core/3.8.6/maven-core-3.8.6.jar:/Users/marcotulionascimento/.m2/repository/org/apache/maven/maven-artifact/3.8.6/maven-artifact-3.8.6.jar:/Users/marcotulionascimento/.m2/repository/org/codehaus/plexus/plexus-component-annotations/2.1.0/plexus-component-annotations-2.1.0.jar:/Users/marcotulionascimento/.m2/repository/org/apache/maven/maven-plugin-api/3.8.6/maven-plugin-api-3.8.6.jar:/Users/marcotulionascimento/.m2/repository/org/apache/maven/maven-model/3.8.6/maven-model-3.8.6.jar:/Users/marcotulionascimento/.m2/repository/org/apache/maven/maven-model-builder/3.8.6/maven-model-builder-3.8.6.jar:/Users/marcotulionascimento/.m2/repository/org/apache/maven/maven-builder-support/3.8.6/maven-builder-support-3.8.6.jar:/Users/marcotulionascimento/.m2/repository/org/apache/maven/resolver/maven-resolver-api/1.6.3/maven-resolver-api-1.6.3.jar:/Users/marcotulionascimento/.m2/repository/org/apache/maven/resolver/maven-resolver-util/1.6.3/maven-resolver-util-1.6.3.jar:/Users/marcotulionascimento/.m2/repository/org/apache/maven/shared/maven-shared-utils/3.3.4/maven-shared-utils-3.3.4.jar:/Users/marcotulionascimento/.m2/repository/commons-io/commons-io/2.11.0/commons-io-2.11.0.jar:/Users/marcotulionascimento/.m2/repository/com/google/inject/guice/4.2.2/guice-4.2.2-no_aop.jar:/Users/marcotulionascimento/.m2/repository/com/google/guava/guava/31.1-jre/guava-31.1-jre.jar:/Users/marcotulionascimento/.m2/repository/com/google/guava/failureaccess/1.0.1/failureaccess-1.0.1.jar:/Users/marcotulionascimento/.m2/repository/org/codehaus/plexus/plexus-classworlds/2.6.0/plexus-classworlds-2.6.0.jar:/Users/marcotulionascimento/.m2/repository/org/codehaus/plexus/plexus-sec-dispatcher/2.0/plexus-sec-dispatcher-2.0.jar:/Users/marcotulionascimento/.m2/repository/org/codehaus/plexus/plexus-cipher/2.0/plexus-cipher-2.0.jar:/Users/marcotulionascimento/.m2/repository/commons-cli/commons-cli/1.4/commons-cli-1.4.jar:/Users/marcotulionascimento/.m2/repository/org/eclipse/sisu/org.eclipse.sisu.plexus/0.3.5/org.eclipse.sisu.plexus-0.3.5.jar:/Users/marcotulionascimento/.m2/repository/org/apache/maven/maven-settings-builder/3.8.6/maven-settings-builder-3.8.6.jar:/Users/marcotulionascimento/.m2/repository/org/codehaus/plexus/plexus-interpolation/1.26/plexus-interpolation-1.26.jar:/Users/marcotulionascimento/.m2/repository/org/apache/maven/maven-resolver-provider/3.8.6/maven-resolver-provider-3.8.6.jar:/Users/marcotulionascimento/.m2/repository/org/apache/maven/maven-repository-metadata/3.8.6/maven-repository-metadata-3.8.6.jar:/Users/marcotulionascimento/.m2/repository/org/apache/maven/resolver/maven-resolver-spi/1.6.3/maven-resolver-spi-1.6.3.jar:/Users/marcotulionascimento/.m2/repository/org/apache/maven/resolver/maven-resolver-impl/1.6.3/maven-resolver-impl-1.6.3.jar:/Users/marcotulionascimento/.m2/repository/org/codehaus/plexus/plexus-utils/3.3.0/plexus-utils-3.3.0.jar:/Users/marcotulionascimento/.m2/repository/org/apache/maven/resolver/maven-resolver-connector-basic/1.6.3/maven-resolver-connector-basic-1.6.3.jar:/Users/marcotulionascimento/.m2/repository/org/apache/maven/resolver/maven-resolver-transport-wagon/1.6.3/maven-resolver-transport-wagon-1.6.3.jar:/Users/marcotulionascimento/.m2/repository/org/apache/maven/wagon/wagon-http/3.5.1/wagon-http-3.5.1.jar:/Users/marcotulionascimento/.m2/repository/org/apache/maven/wagon/wagon-http-shared/3.5.1/wagon-http-shared-3.5.1.jar:/Users/marcotulionascimento/.m2/repository/org/apache/maven/wagon/wagon-provider-api/3.5.1/wagon-provider-api-3.5.1.jar:/Users/marcotulionascimento/.m2/repository/org/apache/maven/wagon/wagon-file/3.5.1/wagon-file-3.5.1.jar:/Users/marcotulionascimento/.m2/repository/io/quarkus/quarkus-bootstrap-gradle-resolver/2.13.3.Final/quarkus-bootstrap-gradle-resolver-2.13.3.Final.jar:/Users/marcotulionascimento/.m2/repository/org/jboss/jandex/2.4.3.Final/jandex-2.4.3.Final.jar:/Users/marcotulionascimento/.m2/repository/io/quarkus/quarkus-junit5-properties/2.13.3.Final/quarkus-junit5-properties-2.13.3.Final.jar:/Users/marcotulionascimento/.m2/repository/org/junit/jupiter/junit-jupiter/5.9.1/junit-jupiter-5.9.1.jar:/Users/marcotulionascimento/.m2/repository/org/junit/jupiter/junit-jupiter-api/5.9.1/junit-jupiter-api-5.9.1.jar:/Users/marcotulionascimento/.m2/repository/org/opentest4j/opentest4j/1.2.0/opentest4j-1.2.0.jar:/Users/marcotulionascimento/.m2/repository/org/junit/platform/junit-platform-commons/1.9.1/junit-platform-commons-1.9.1.jar:/Users/marcotulionascimento/.m2/repository/org/apiguardian/apiguardian-api/1.1.2/apiguardian-api-1.1.2.jar:/Users/marcotulionascimento/.m2/repository/org/junit/jupiter/junit-jupiter-params/5.9.1/junit-jupiter-params-5.9.1.jar:/Users/marcotulionascimento/.m2/repository/org/junit/jupiter/junit-jupiter-engine/5.9.1/junit-jupiter-engine-5.9.1.jar:/Users/marcotulionascimento/.m2/repository/org/junit/platform/junit-platform-engine/1.9.1/junit-platform-engine-1.9.1.jar:/Users/marcotulionascimento/.m2/repository/com/thoughtworks/xstream/xstream/1.4.19/xstream-1.4.19.jar:/Users/marcotulionascimento/.m2/repository/io/github/x-stream/mxparser/1.2.2/mxparser-1.2.2.jar:/Users/marcotulionascimento/.m2/repository/xmlpull/xmlpull/1.1.3.1/xmlpull-1.1.3.1.jar:/Users/marcotulionascimento/.m2/repository/io/rest-assured/rest-assured/4.5.1/rest-assured-4.5.1.jar:/Users/marcotulionascimento/.m2/repository/org/codehaus/groovy/groovy/3.0.9/groovy-3.0.9.jar:/Users/marcotulionascimento/.m2/repository/org/codehaus/groovy/groovy-xml/3.0.9/groovy-xml-3.0.9.jar:/Users/marcotulionascimento/.m2/repository/org/apache/httpcomponents/httpclient/4.5.13/httpclient-4.5.13.jar:/Users/marcotulionascimento/.m2/repository/org/apache/httpcomponents/httpcore/4.4.15/httpcore-4.4.15.jar:/Users/marcotulionascimento/.m2/repository/commons-codec/commons-codec/1.15/commons-codec-1.15.jar:/Users/marcotulionascimento/.m2/repository/org/apache/httpcomponents/httpmime/4.5.13/httpmime-4.5.13.jar:/Users/marcotulionascimento/.m2/repository/org/hamcrest/hamcrest/2.1/hamcrest-2.1.jar:/Users/marcotulionascimento/.m2/repository/org/ccil/cowan/tagsoup/tagsoup/1.2.1/tagsoup-1.2.1.jar:/Users/marcotulionascimento/.m2/repository/io/rest-assured/json-path/4.5.1/json-path-4.5.1.jar:/Users/marcotulionascimento/.m2/repository/org/codehaus/groovy/groovy-json/3.0.9/groovy-json-3.0.9.jar:/Users/marcotulionascimento/.m2/repository/io/rest-assured/rest-assured-common/4.5.1/rest-assured-common-4.5.1.jar:/Users/marcotulionascimento/.m2/repository/io/rest-assured/xml-path/4.5.1/xml-path-4.5.1.jar:/Users/marcotulionascimento/.m2/repository/org/apache/commons/commons-lang3/3.12.0/commons-lang3-3.12.0.jar:"/>
    <property name="sun.cpu.endian" value="little"/>
    <property name="user.home" value="/Users/marcotulionascimento"/>
    <property name="user.language" value="en"/>
    <property name="jboss.log-version" value="false"/>
    <property name="java.specification.vendor" value="Oracle Corporation"/>
    <property name="io.netty.allocator.maxOrder" value="3"/>
    <property name="java.version.date" value="2022-04-19"/>
    <property name="java.home" value="/Users/marcotulionascimento/.sdkman/candidates/java/22.1.0.r17-grl"/>
    <property name="file.separator" value="/"/>
    <property name="basedir" value="/Users/marcotulionascimento/IdeaProjects/crud"/>
    <property name="java.vm.compressedOopsMode" value="Zero based"/>
    <property name="jdk.internal.vm.ci.enabled" value="true"/>
    <property name="line.separator" value="&#10;"/>
    <property name="java.vm.specification.vendor" value="Oracle Corporation"/>
    <property name="java.specification.name" value="Java Platform API Specification"/>
    <property name="apple.awt.application.name" value="ForkedBooter"/>
    <property name="surefire.real.class.path" value="/Users/marcotulionascimento/IdeaProjects/crud/target/surefire/surefirebooter-20221105181736267_3.jar"/>
    <property name="sun.management.compiler" value="HotSpot 64-Bit Tiered Compilers"/>
    <property name="java.runtime.version" value="17.0.3+7-jvmci-22.1-b06"/>
    <property name="user.name" value="marcotulionascimento"/>
    <property name="path.separator" value=":"/>
    <property name="os.version" value="12.6"/>
    <property name="java.runtime.name" value="OpenJDK Runtime Environment"/>
    <property name="file.encoding" value="US-ASCII"/>
    <property name="java.vm.name" value="OpenJDK 64-Bit Server VM"/>
    <property name="java.vendor.version" value="GraalVM CE 22.1.0"/>
    <property name="localRepository" value="/Users/marcotulionascimento/.m2/repository"/>
    <property name="java.vendor.url.bug" value="https://github.com/oracle/graal/issues"/>
    <property name="java.io.tmpdir" value="/var/folders/sb/r2hzzmcn7ws6s7zm_z8tvr9m0000gn/T/"/>
    <property name="quarkus.log.file.path" value="target/quarkus.log"/>
    <property name="java.version" value="17.0.3"/>
    <property name="java.util.concurrent.ForkJoinPool.common.threadFactory" value="io.quarkus.bootstrap.forkjoin.QuarkusForkJoinWorkerThreadFactory"/>
    <property name="user.dir" value="/Users/marcotulionascimento/IdeaProjects/crud"/>
    <property name="os.arch" value="aarch64"/>
    <property name="java.vm.specification.name" value="Java Virtual Machine Specification"/>
    <property name="vertx.disableDnsResolver" value="true"/>
    <property name="native.encoding" value="US-ASCII"/>
    <property name="java.util.logging.manager" value="org.jboss.logmanager.LogManager"/>
    <property name="java.library.path" value="/Users/marcotulionascimento/Library/Java/Extensions:/Library/Java/Extensions:/Network/Library/Java/Extensions:/System/Library/Java/Extensions:/usr/lib/java:."/>
    <property name="java.vm.info" value="mixed mode, sharing"/>
    <property name="java.vendor" value="GraalVM Community"/>
    <property name="vertx.disableTCCL" value="true"/>
    <property name="java.vm.version" value="17.0.3+7-jvmci-22.1-b06"/>
    <property name="sun.io.unicode.encoding" value="UnicodeBig"/>
    <property name="io.netty.machineId" value="83:29:f6:44:0c:a7:79:57"/>
    <property name="java.class.version" value="61.0"/>
  </properties>
  <testcase name="testHelloEndpoint" classname="org.junction.wolt.GreetingResourceTest" time="0.599">
    <system-out><![CDATA[2022-11-05 18:17:38,741 INFO  [io.quarkus] (main) crud 1.0.0-SNAPSHOT on JVM (powered by Quarkus 2.13.3.Final) started in 1.017s. Listening on: http://localhost:8081
2022-11-05 18:17:38,743 INFO  [io.quarkus] (main) Profile test activated. 
2022-11-05 18:17:38,743 INFO  [io.quarkus] (main) Installed features: [cdi, rest-client-reactive, rest-client-reactive-jackson, resteasy-reactive, resteasy-reactive-jackson, smallrye-context-propagation, vertx]
]]></system-out>
  </testcase>
</testsuite>